Arguments: 
  /Users/pyaesone/.nvm/versions/node/v8.5.0/bin/node /usr/local/Cellar/yarn/1.5.1_1/libexec/bin/yarn.js add express --save

PATH: 
  /Users/pyaesone/Downloads/google-cloud-sdk/bin:/Users/pyaesone/.nvm/versions/node/v8.5.0/bin:/Users/pyaesone/.composer/vendor/bin:/usr/local/bin/php/bin:/Library/Frameworks/Python.framework/Versions/3.6/bin:/usr/local/bin:/usr/bin:/bin:/usr/sbin:/sbin

Yarn version: 
  1.5.1

Node version: 
  8.5.0

Platform: 
  darwin x64

npm manifest: 
  {
    "name": "client_api",
    "version": "1.0.0",
    "main": "index.js",
    "license": "MIT"
  }

yarn manifest: 
  No manifest

Lockfile: 
  No lockfile

Trace: 
  Error: https://registry.yarnpkg.com/express: ETIMEDOUT
      at Timeout._onTimeout (/usr/local/Cellar/yarn/1.5.1_1/libexec/lib/cli.js:133094:19)
      at ontimeout (timers.js:469:11)
      at tryOnTimeout (timers.js:304:5)
      at Timer.listOnTimeout (timers.js:264:5)
